[2026-05-28 21:25:40] Watchdog started.
[2026-05-28 21:25:40] Waiting for 30 minutes...
[2026-05-28 21:46:51] Watchdog started.
[2026-05-28 21:46:51] Waiting for 30 minutes...
[2026-05-28 22:03:08] Watchdog started.
[2026-05-28 22:03:08] Waiting for 25 minutes...
[2026-05-28 22:09:43] Watchdog started.
[2026-05-28 22:09:43] Waiting for 25 minutes...
[2026-05-28 22:34:43] Killing ga_hpo.py...
[2026-05-28 22:36:43] Process killed.
[2026-05-28 22:36:43] Activating virtual environment...
[2026-05-28 22:36:43] Restarting ga_hpo.py...
[2026-05-28 22:36:43] Restarted (PID=65134).
[2026-05-28 22:36:43] Waiting for 25 minutes...
[2026-05-28 22:52:44] Watchdog started.
[2026-05-28 22:52:44] Waiting for 25 minutes...
[2026-05-28 22:56:53] Watchdog started.
[2026-05-28 22:56:53] Waiting for 25 minutes...
[2026-05-28 23:21:53] Killing ga_hpo.py...
[2026-05-28 23:24:53] Process killed.
[2026-05-28 23:24:53] Activating virtual environment...
[2026-05-28 23:24:53] Restarting ga_hpo.py...
[2026-05-28 23:24:53] Restarted (PID=68676).
[2026-05-28 23:24:53] Waiting for 25 minutes...
[2026-05-28 23:49:53] Killing ga_hpo.py...
[2026-05-28 23:52:53] Process killed.
[2026-05-28 23:52:53] Activating virtual environment...
[2026-05-28 23:52:53] Restarting ga_hpo.py...
[2026-05-28 23:52:53] Restarted (PID=129814).
[2026-05-28 23:52:53] Waiting for 25 minutes...
[2026-05-28 23:54:12] Watchdog started.
[2026-05-28 23:54:12] Waiting for 25 minutes...
[2026-05-29 00:19:12] Killing ga_hpo.py...
[2026-05-29 00:22:12] Process killed.
[2026-05-29 00:22:12] Activating virtual environment...
[2026-05-29 00:22:12] Restarting ga_hpo.py...
[2026-05-29 00:22:12] Restarted (PID=199858).
[2026-05-29 00:22:12] Waiting for 25 minutes...
[2026-05-29 01:16:56] Watchdog started.
[2026-05-29 01:16:56] Waiting for 25 minutes...
[2026-05-29 01:41:56] Killing ga_hpo.py...
[2026-05-29 01:44:56] Process killed.
[2026-05-29 01:44:56] Activating virtual environment...
[2026-05-29 01:44:56] Restarting ga_hpo.py...
[2026-05-29 01:44:56] Restarted (PID=68626).
[2026-05-29 01:44:56] Waiting for 25 minutes...
[2026-05-29 01:50:19] Watchdog started.
[2026-05-29 01:50:19] Waiting for 25 minutes...
[2026-05-29 02:15:19] Killing ga_hpo.py...
[2026-05-29 02:18:19] Process killed.
[2026-05-29 02:18:19] Activating virtual environment...
[2026-05-29 02:18:19] Restarting ga_hpo.py...
[2026-05-29 02:18:19] Restarted (PID=140584).
[2026-05-29 02:18:19] Waiting for 25 minutes...
[2026-05-29 02:43:19] Killing ga_hpo.py...
[2026-05-29 02:45:54] Watchdog started.
[2026-05-29 02:45:54] Waiting for 25 minutes...
[2026-05-29 02:59:42] Watchdog started.
[2026-05-29 02:59:42] Waiting for 25 minutes...
[2026-05-29 03:01:42] Killing ga_hpo.py...
[2026-05-29 03:04:42] Process killed.
[2026-05-29 03:04:42] Activating virtual environment...
[2026-05-29 03:04:42] Restarting ga_hpo.py...
[2026-05-29 03:04:42] Restarted (PID=235749).
[2026-05-29 03:04:42] Waiting for 25 minutes...
[2026-05-29 03:06:42] Killing ga_hpo.py...
[2026-05-29 03:07:47] Watchdog started.
[2026-05-29 03:07:47] Waiting for 25 minutes...
[2026-05-29 03:32:47] Killing ga_hpo.py...
[2026-05-29 03:35:47] Process killed.
[2026-05-29 03:35:47] Activating virtual environment...
[2026-05-29 03:35:47] Restarting ga_hpo.py...
[2026-05-29 03:35:47] Restarted (PID=305889).
[2026-05-29 03:35:47] Waiting for 25 minutes...
[2026-05-29 04:00:47] Killing ga_hpo.py...
[2026-05-29 04:03:47] Process killed.
[2026-05-29 04:03:47] Activating virtual environment...
[2026-05-29 04:03:47] Restarting ga_hpo.py...
[2026-05-29 04:03:47] Restarted (PID=364945).
[2026-05-29 04:03:47] Waiting for 25 minutes...
[2026-05-29 04:28:47] Killing ga_hpo.py...
[2026-05-29 04:31:47] Process killed.
[2026-05-29 04:31:47] Activating virtual environment...
[2026-05-29 04:31:47] Restarting ga_hpo.py...
[2026-05-29 04:31:47] Restarted (PID=428646).
[2026-05-29 04:31:47] Waiting for 25 minutes...
[2026-05-29 04:56:47] Killing ga_hpo.py...
[2026-05-29 04:59:47] Process killed.
[2026-05-29 04:59:47] Activating virtual environment...
[2026-05-29 04:59:47] Restarting ga_hpo.py...
[2026-05-29 04:59:47] Restarted (PID=489023).
[2026-05-29 04:59:47] Waiting for 25 minutes...
[2026-05-29 05:19:52] Watchdog started.
[2026-05-29 05:19:52] Waiting for 25 minutes...
[2026-05-29 05:44:52] Killing running HPO process...
[2026-05-29 05:47:52] Process killed.
[2026-05-29 05:47:52] Activating virtual environment...
[2026-05-29 05:47:52] Trial count in results_ga/seed_4/trials/: 78
[2026-05-29 05:47:52] Trial count < 100, restarting ga_hpo.py...
[2026-05-29 05:47:52] ga_hpo.py restarted (PID=600115).
[2026-05-29 05:47:52] Waiting for 25 minutes...
[2026-05-29 06:12:52] Killing running HPO process...
[2026-05-29 06:15:52] Process killed.
[2026-05-29 06:15:52] Activating virtual environment...
[2026-05-29 06:15:52] Trial count in results_ga/seed_4/trials/: 100
[2026-05-29 06:15:52] Trial count >= 100, restarting de_hpo.py...
[2026-05-29 06:15:52] de_hpo.py restarted (PID=661226).
[2026-05-29 06:15:52] Waiting for 25 minutes...
[2026-05-29 06:40:52] Killing running HPO process...
[2026-05-29 06:43:52] Process killed.
[2026-05-29 06:43:52] Activating virtual environment...
[2026-05-29 06:43:52] Trial count in results_ga/seed_4/trials/: 100
[2026-05-29 06:43:52] Trial count >= 100, restarting de_hpo.py...
[2026-05-29 06:43:52] de_hpo.py restarted (PID=727586).
[2026-05-29 06:43:52] Waiting for 25 minutes...
[2026-05-29 07:08:52] Killing running HPO process...
[2026-05-29 07:11:52] Process killed.
[2026-05-29 07:11:52] Activating virtual environment...
[2026-05-29 07:11:52] Trial count in results_ga/seed_4/trials/: 100
[2026-05-29 07:11:52] Trial count >= 100, restarting de_hpo.py...
[2026-05-29 07:11:52] de_hpo.py restarted (PID=787278).
[2026-05-29 07:11:52] Waiting for 25 minutes...
[2026-05-29 07:36:52] Killing running HPO process...
[2026-05-29 07:39:53] Process killed.
[2026-05-29 07:39:53] Activating virtual environment...
[2026-05-29 07:39:53] Trial count in results_ga/seed_4/trials/: 100
[2026-05-29 07:39:53] Trial count >= 100, restarting de_hpo.py...
[2026-05-29 07:39:53] de_hpo.py restarted (PID=846143).
[2026-05-29 07:39:53] Waiting for 25 minutes...
[2026-05-29 08:04:53] Killing running HPO process...
[2026-05-29 08:07:53] Process killed.
[2026-05-29 08:07:53] Activating virtual environment...
[2026-05-29 08:07:53] Trial count in results_ga/seed_4/trials/: 100
[2026-05-29 08:07:53] Trial count >= 100, restarting de_hpo.py...
[2026-05-29 08:07:53] de_hpo.py restarted (PID=906690).
[2026-05-29 08:07:53] Waiting for 25 minutes...
[2026-05-29 08:32:53] Killing running HPO process...
[2026-05-29 08:35:53] Process killed.
[2026-05-29 08:35:53] Activating virtual environment...
[2026-05-29 08:35:53] Trial count in results_ga/seed_4/trials/: 100
[2026-05-29 08:35:53] Trial count >= 100, restarting de_hpo.py...
[2026-05-29 08:35:53] de_hpo.py restarted (PID=969722).
[2026-05-29 08:35:53] Waiting for 25 minutes...
[2026-05-29 09:00:53] Killing running HPO process...
[2026-05-29 09:03:53] Process killed.
[2026-05-29 09:03:53] Activating virtual environment...
[2026-05-29 09:03:53] Trial count in results_ga/seed_4/trials/: 100
[2026-05-29 09:03:53] Trial count >= 100, restarting de_hpo.py...
[2026-05-29 09:03:53] de_hpo.py restarted (PID=1028807).
[2026-05-29 09:03:53] Waiting for 25 minutes...
[2026-05-29 09:28:53] Killing running HPO process...
[2026-05-29 09:31:53] Process killed.
[2026-05-29 09:31:53] Activating virtual environment...
[2026-05-29 09:31:53] Trial count in results_ga/seed_4/trials/: 100
[2026-05-29 09:31:53] Trial count >= 100, restarting de_hpo.py...
[2026-05-29 09:31:53] de_hpo.py restarted (PID=1086229).
[2026-05-29 09:31:53] Waiting for 25 minutes...
[2026-05-29 09:56:53] Killing running HPO process...
[2026-05-29 09:59:54] Process killed.
[2026-05-29 09:59:54] Activating virtual environment...
[2026-05-29 09:59:54] Trial count in results_ga/seed_4/trials/: 100
[2026-05-29 09:59:54] Trial count >= 100, restarting de_hpo.py...
[2026-05-29 09:59:54] de_hpo.py restarted (PID=1151899).
[2026-05-29 09:59:54] Waiting for 25 minutes...
[2026-05-29 10:24:54] Killing running HPO process...
[2026-05-29 10:27:54] Process killed.
[2026-05-29 10:27:54] Activating virtual environment...
[2026-05-29 10:27:54] Trial count in results_ga/seed_4/trials/: 100
[2026-05-29 10:27:54] Trial count >= 100, restarting de_hpo.py...
[2026-05-29 10:27:54] de_hpo.py restarted (PID=1212618).
[2026-05-29 10:27:54] Waiting for 25 minutes...
[2026-05-29 10:52:54] Killing running HPO process...
[2026-05-29 10:55:54] Process killed.
[2026-05-29 10:55:54] Activating virtual environment...
[2026-05-29 10:55:54] Trial count in results_ga/seed_4/trials/: 100
[2026-05-29 10:55:54] Trial count >= 100, restarting de_hpo.py...
[2026-05-29 10:55:54] de_hpo.py restarted (PID=1273766).
[2026-05-29 10:55:54] Waiting for 25 minutes...
[2026-05-29 11:20:54] Killing running HPO process...
[2026-05-29 11:23:54] Process killed.
[2026-05-29 11:23:54] Activating virtual environment...
[2026-05-29 11:23:54] Trial count in results_ga/seed_4/trials/: 100
[2026-05-29 11:23:54] Trial count >= 100, restarting de_hpo.py...
[2026-05-29 11:23:54] de_hpo.py restarted (PID=1280757).
[2026-05-29 11:23:54] Waiting for 25 minutes...
[2026-05-29 11:48:54] Killing running HPO process...
[2026-05-29 11:51:55] Process killed.
[2026-05-29 11:51:55] Activating virtual environment...
[2026-05-29 11:51:55] Trial count in results_ga/seed_4/trials/: 100
[2026-05-29 11:51:55] Trial count >= 100, restarting de_hpo.py...
[2026-05-29 11:51:55] de_hpo.py restarted (PID=1287348).
[2026-05-29 11:51:55] Waiting for 25 minutes...
[2026-05-29 12:16:55] Killing running HPO process...
[2026-05-29 12:19:55] Process killed.
[2026-05-29 12:19:55] Activating virtual environment...
[2026-05-29 12:19:55] Trial count in results_ga/seed_4/trials/: 100
[2026-05-29 12:19:55] Trial count >= 100, restarting de_hpo.py...
[2026-05-29 12:19:55] de_hpo.py restarted (PID=1293167).
[2026-05-29 12:19:55] Waiting for 25 minutes...
[2026-05-29 12:44:55] Killing running HPO process...
[2026-05-29 12:47:56] Process killed.
[2026-05-29 12:47:56] Activating virtual environment...
[2026-05-29 12:47:56] Trial count in results_ga/seed_4/trials/: 100
[2026-05-29 12:47:56] Trial count >= 100, restarting de_hpo.py...
[2026-05-29 12:47:56] de_hpo.py restarted (PID=1300126).
[2026-05-29 12:47:56] Waiting for 25 minutes...
[2026-05-29 13:12:56] Killing running HPO process...
[2026-05-29 13:15:56] Process killed.
[2026-05-29 13:15:56] Activating virtual environment...
[2026-05-29 13:15:56] Trial count in results_ga/seed_4/trials/: 100
[2026-05-29 13:15:56] Trial count >= 100, restarting de_hpo.py...
[2026-05-29 13:15:56] de_hpo.py restarted (PID=1306736).
[2026-05-29 13:15:56] Waiting for 25 minutes...
[2026-05-29 13:40:56] Killing running HPO process...
[2026-05-29 13:43:56] Process killed.
[2026-05-29 13:43:56] Activating virtual environment...
[2026-05-29 13:43:56] Trial count in results_ga/seed_4/trials/: 100
[2026-05-29 13:43:56] Trial count >= 100, restarting de_hpo.py...
[2026-05-29 13:43:56] de_hpo.py restarted (PID=1313242).
[2026-05-29 13:43:56] Waiting for 25 minutes...
[2026-05-29 15:33:42] Watchdog started.
[2026-05-29 15:33:42] Waiting for 25 minutes...
[2026-05-29 15:58:42] Killing running HPO process...
[2026-05-29 16:01:43] Process killed.
[2026-05-29 16:01:43] Activating virtual environment...
[2026-05-29 16:01:43] Trial count in results_ga/seed_4/trials/: 100
[2026-05-29 16:01:43] Trial count >= 100, restarting de_hpo.py...
[2026-05-29 16:01:43] de_hpo.py restarted (PID=73195).
[2026-05-29 16:01:43] Waiting for 25 minutes...
[2026-05-29 16:26:43] Killing running HPO process...
[2026-05-29 16:29:43] Process killed.
[2026-05-29 16:29:43] Activating virtual environment...
[2026-05-29 16:29:43] Trial count in results_ga/seed_4/trials/: 100
[2026-05-29 16:29:43] Trial count >= 100, restarting de_hpo.py...
[2026-05-29 16:29:43] de_hpo.py restarted (PID=136534).
[2026-05-29 16:29:43] Waiting for 25 minutes...
[2026-05-29 16:54:43] Killing running HPO process...
[2026-05-29 16:57:43] Process killed.
[2026-05-29 16:57:43] Activating virtual environment...
[2026-05-29 16:57:43] Trial count in results_ga/seed_4/trials/: 100
[2026-05-29 16:57:43] Trial count >= 100, restarting de_hpo.py...
[2026-05-29 16:57:43] de_hpo.py restarted (PID=198548).
[2026-05-29 16:57:43] Waiting for 25 minutes...
[2026-05-29 17:22:43] Killing running HPO process...
[2026-05-29 17:25:43] Process killed.
[2026-05-29 17:25:43] Activating virtual environment...
[2026-05-29 17:25:43] Trial count in results_ga/seed_4/trials/: 100
[2026-05-29 17:25:43] Trial count >= 100, restarting de_hpo.py...
[2026-05-29 17:25:43] de_hpo.py restarted (PID=265049).
[2026-05-29 17:25:43] Waiting for 25 minutes...
[2026-05-29 17:50:43] Killing running HPO process...
[2026-05-29 17:53:43] Process killed.
[2026-05-29 17:53:43] Activating virtual environment...
[2026-05-29 17:53:43] Trial count in results_ga/seed_4/trials/: 100
[2026-05-29 17:53:43] Trial count >= 100, restarting de_hpo.py...
[2026-05-29 17:53:43] de_hpo.py restarted (PID=324884).
[2026-05-29 17:53:43] Waiting for 25 minutes...
[2026-05-29 18:18:43] Killing running HPO process...
[2026-05-29 18:21:44] Process killed.
[2026-05-29 18:21:44] Activating virtual environment...
[2026-05-29 18:21:44] Trial count in results_ga/seed_4/trials/: 100
[2026-05-29 18:21:44] Trial count >= 100, restarting de_hpo.py...
[2026-05-29 18:21:44] de_hpo.py restarted (PID=384388).
[2026-05-29 18:21:44] Waiting for 25 minutes...
[2026-05-29 18:46:44] Killing running HPO process...
[2026-05-29 18:49:44] Process killed.
[2026-05-29 18:49:44] Activating virtual environment...
[2026-05-29 18:49:44] Trial count in results_ga/seed_4/trials/: 100
[2026-05-29 18:49:44] Trial count >= 100, restarting de_hpo.py...
[2026-05-29 18:49:44] de_hpo.py restarted (PID=441958).
[2026-05-29 18:49:44] Waiting for 25 minutes...
[2026-05-29 19:14:44] Killing running HPO process...
[2026-05-29 19:17:44] Process killed.
[2026-05-29 19:17:44] Activating virtual environment...
[2026-05-29 19:17:44] Trial count in results_ga/seed_4/trials/: 100
[2026-05-29 19:17:44] Trial count >= 100, restarting de_hpo.py...
[2026-05-29 19:17:44] de_hpo.py restarted (PID=453323).
[2026-05-29 19:17:44] Waiting for 25 minutes...
[2026-05-29 19:42:44] Killing running HPO process...
[2026-05-29 19:45:44] Process killed.
[2026-05-29 19:45:44] Activating virtual environment...
[2026-05-29 19:45:44] Trial count in results_ga/seed_4/trials/: 100
[2026-05-29 19:45:44] Trial count >= 100, restarting de_hpo.py...
[2026-05-29 19:45:44] de_hpo.py restarted (PID=455266).
[2026-05-29 19:45:44] Waiting for 25 minutes...
[2026-05-29 20:10:44] Killing running HPO process...
[2026-05-29 20:13:44] Process killed.
[2026-05-29 20:13:44] Activating virtual environment...
[2026-05-29 20:13:44] Trial count in results_ga/seed_4/trials/: 100
[2026-05-29 20:13:44] Trial count >= 100, restarting de_hpo.py...
[2026-05-29 20:13:44] de_hpo.py restarted (PID=457235).
[2026-05-29 20:13:44] Waiting for 25 minutes...
[2026-05-29 20:38:44] Killing running HPO process...
[2026-05-29 20:41:44] Process killed.
[2026-05-29 20:41:44] Activating virtual environment...
[2026-05-29 20:41:44] Trial count in results_ga/seed_4/trials/: 100
[2026-05-29 20:41:44] Trial count >= 100, restarting de_hpo.py...
[2026-05-29 20:41:44] de_hpo.py restarted (PID=459807).
[2026-05-29 20:41:44] Waiting for 25 minutes...
[2026-05-29 21:06:44] Killing running HPO process...
[2026-05-29 21:09:44] Process killed.
[2026-05-29 21:09:44] Activating virtual environment...
[2026-05-29 21:09:44] Trial count in results_ga/seed_4/trials/: 100
[2026-05-29 21:09:44] Trial count >= 100, restarting de_hpo.py...
[2026-05-29 21:09:44] de_hpo.py restarted (PID=461889).
[2026-05-29 21:09:44] Waiting for 25 minutes...
[2026-05-29 21:34:45] Killing running HPO process...
[2026-05-29 21:37:45] Process killed.
[2026-05-29 21:37:45] Activating virtual environment...
[2026-05-29 21:37:45] Trial count in results_ga/seed_4/trials/: 100
[2026-05-29 21:37:45] Trial count >= 100, restarting de_hpo.py...
[2026-05-29 21:37:45] de_hpo.py restarted (PID=463642).
[2026-05-29 21:37:45] Waiting for 25 minutes...
